<?xml version="1.0" encoding="UTF-8"?>
<robot generator="Robot 3.2.1 (Python 3.7.2 on win32)" generated="20200705 09:20:44.156" rpa="false">
<suite id="s1" name="TC Signup" source="C:\Users\arun\PycharmProjects\FlipcartRobot\TestCases\SignUP\TC_Signup.robot">
<test id="s1-t1" name="TC_Signup_001">
<kw name="OpenBrowser and Maximize">
<kw name="Open Browser" library="SeleniumLibrary">
<doc>Opens a new browser instance to the optional ``url``.</doc>
<arguments>
<arg>${URL}</arg>
<arg>${Browser}</arg>
</arguments>
<msg timestamp="20200705 09:20:46.681" level="INFO">Opening browser 'Chrome' to base url 'https://www.flipkart.com/'.</msg>
<status status="PASS" starttime="20200705 09:20:46.680" endtime="20200705 09:20:58.459"></status>
</kw>
<kw name="Maximize Browser Window" library="SeleniumLibrary">
<doc>Maximizes current browser window.</doc>
<status status="PASS" starttime="20200705 09:20:58.459" endtime="20200705 09:20:59.328"></status>
</kw>
<status status="PASS" starttime="20200705 09:20:46.678" endtime="20200705 09:20:59.329"></status>
</kw>
<kw name="Read_Element_Locator" library="UseDefinedKeywords">
<arguments>
<arg>Login.SignUp.Click_Create_An_Account_Element</arg>
</arguments>
<assign>
<var>${Createanaccountlink}</var>
</assign>
<kw name="Read Locator From JSON" library="Locators">
<arguments>
<arg>${jsonpath}</arg>
</arguments>
<assign>
<var>${result}</var>
</assign>
<msg timestamp="20200705 09:20:59.332" level="INFO">${result} = xpath://a[text()='New to Flipkart? Create an account']</msg>
<status status="PASS" starttime="20200705 09:20:59.330" endtime="20200705 09:20:59.333"></status>
</kw>
<msg timestamp="20200705 09:20:59.334" level="INFO">${Createanaccountlink} = xpath://a[text()='New to Flipkart? Create an account']</msg>
<status status="PASS" starttime="20200705 09:20:59.329" endtime="20200705 09:20:59.334"></status>
</kw>
<kw name="Click Element" library="SeleniumLibrary">
<doc>Click the element identified by ``locator``.</doc>
<arguments>
<arg>${Createanaccountlink}</arg>
</arguments>
<msg timestamp="20200705 09:20:59.335" level="INFO">Clicking element 'xpath://a[text()='New to Flipkart? Create an account']'.</msg>
<status status="PASS" starttime="20200705 09:20:59.335" endtime="20200705 09:20:59.608"></status>
</kw>
<kw name="Sleep" library="BuiltIn">
<doc>Pauses the test executed for the given time.</doc>
<arguments>
<arg>5 seconds</arg>
</arguments>
<msg timestamp="20200705 09:21:04.609" level="INFO">Slept 5 seconds</msg>
<status status="PASS" starttime="20200705 09:20:59.609" endtime="20200705 09:21:04.610"></status>
</kw>
<kw name="Read_Element_Locator" library="UseDefinedKeywords">
<arguments>
<arg>Login.SignUp.UserName_Text_Box</arg>
</arguments>
<assign>
<var>${User_Name}</var>
</assign>
<kw name="Read Locator From JSON" library="Locators">
<arguments>
<arg>${jsonpath}</arg>
</arguments>
<assign>
<var>${result}</var>
</assign>
<msg timestamp="20200705 09:21:04.616" level="INFO">${result} = xpath://input[@class='_2zrpKA _1dBPDZ']</msg>
<status status="PASS" starttime="20200705 09:21:04.614" endtime="20200705 09:21:04.617"></status>
</kw>
<msg timestamp="20200705 09:21:04.617" level="INFO">${User_Name} = xpath://input[@class='_2zrpKA _1dBPDZ']</msg>
<status status="PASS" starttime="20200705 09:21:04.612" endtime="20200705 09:21:04.618"></status>
</kw>
<kw name="Input Text" library="SeleniumLibrary">
<doc>Types the given ``text`` into the text field identified by ``locator``.</doc>
<arguments>
<arg>${User_Name}</arg>
<arg>9560471004</arg>
</arguments>
<msg timestamp="20200705 09:21:04.621" level="INFO">Typing text '9560471004' into text field 'xpath://input[@class='_2zrpKA _1dBPDZ']'.</msg>
<status status="PASS" starttime="20200705 09:21:04.620" endtime="20200705 09:21:05.096"></status>
</kw>
<kw name="Read_Element_Locator" library="UseDefinedKeywords">
<arguments>
<arg>Login.SignUp.Continue_Button</arg>
</arguments>
<assign>
<var>${Click_Button}</var>
</assign>
<kw name="Read Locator From JSON" library="Locators">
<arguments>
<arg>${jsonpath}</arg>
</arguments>
<assign>
<var>${result}</var>
</assign>
<msg timestamp="20200705 09:21:05.102" level="INFO">${result} = xpath://button[@class='_2AkmmA _1LctnI _7UHT_c']</msg>
<status status="PASS" starttime="20200705 09:21:05.099" endtime="20200705 09:21:05.102"></status>
</kw>
<msg timestamp="20200705 09:21:05.103" level="INFO">${Click_Button} = xpath://button[@class='_2AkmmA _1LctnI _7UHT_c']</msg>
<status status="PASS" starttime="20200705 09:21:05.097" endtime="20200705 09:21:05.103"></status>
</kw>
<kw name="Click Button" library="SeleniumLibrary">
<doc>Clicks the button identified by ``locator``.</doc>
<arguments>
<arg>${Click_Button}</arg>
</arguments>
<msg timestamp="20200705 09:21:05.106" level="INFO">Clicking button 'xpath://button[@class='_2AkmmA _1LctnI _7UHT_c']'.</msg>
<status status="PASS" starttime="20200705 09:21:05.104" endtime="20200705 09:21:05.382"></status>
</kw>
<kw name="Sleep" library="BuiltIn">
<doc>Pauses the test executed for the given time.</doc>
<arguments>
<arg>5 seconds</arg>
</arguments>
<msg timestamp="20200705 09:21:10.386" level="INFO">Slept 5 seconds</msg>
<status status="PASS" starttime="20200705 09:21:05.384" endtime="20200705 09:21:10.386"></status>
</kw>
<kw name="Page Should Contain" library="SeleniumLibrary">
<doc>Verifies that current page contains ``text``.</doc>
<arguments>
<arg>OTP sent to Mobile</arg>
</arguments>
<msg timestamp="20200705 09:21:10.461" level="INFO">Current page contains text 'OTP sent to Mobile'.</msg>
<status status="PASS" starttime="20200705 09:21:10.388" endtime="20200705 09:21:10.462"></status>
</kw>
<kw name="Capture Page Screenshot" library="SeleniumLibrary">
<doc>Takes a screenshot of the current page and embeds it into a log file.</doc>
<arguments>
<arg>C:/Users/arun/PycharmProjects/FlipcartRobot/Screenshots/TC_Signup_001.png</arg>
</arguments>
<msg timestamp="20200705 09:21:11.396" level="INFO" html="yes">&lt;/td&gt;&lt;/tr&gt;&lt;tr&gt;&lt;td colspan="3"&gt;&lt;a href="../../Screenshots/TC_Signup_001.png"&gt;&lt;img src="../../Screenshots/TC_Signup_001.png" width="800px"&gt;&lt;/a&gt;</msg>
<status status="PASS" starttime="20200705 09:21:10.464" endtime="20200705 09:21:11.396"></status>
</kw>
<kw name="Close All Browsers" library="SeleniumLibrary">
<doc>Closes all open browsers and resets the browser cache.</doc>
<status status="PASS" starttime="20200705 09:21:11.398" endtime="20200705 09:21:13.454"></status>
</kw>
<doc>"SignUp Page-User enters valid Mobile number, User clicks on continue button"</doc>
<tags>
<tag>Regression</tag>
</tags>
<status status="PASS" starttime="20200705 09:20:46.676" endtime="20200705 09:21:13.456" critical="yes"></status>
</test>
<test id="s1-t2" name="TC_Signup_002">
<kw name="OpenBrowser and Maximize">
<kw name="Open Browser" library="SeleniumLibrary">
<doc>Opens a new browser instance to the optional ``url``.</doc>
<arguments>
<arg>${URL}</arg>
<arg>${Browser}</arg>
</arguments>
<msg timestamp="20200705 09:21:13.492" level="INFO">Opening browser 'Chrome' to base url 'https://www.flipkart.com/'.</msg>
<status status="PASS" starttime="20200705 09:21:13.491" endtime="20200705 09:21:21.746"></status>
</kw>
<kw name="Maximize Browser Window" library="SeleniumLibrary">
<doc>Maximizes current browser window.</doc>
<status status="PASS" starttime="20200705 09:21:21.746" endtime="20200705 09:21:22.158"></status>
</kw>
<status status="PASS" starttime="20200705 09:21:13.489" endtime="20200705 09:21:22.158"></status>
</kw>
<kw name="Read_Element_Locator" library="UseDefinedKeywords">
<arguments>
<arg>Login.SignUp.Click_Create_An_Account_Element</arg>
</arguments>
<assign>
<var>${Createanaccountlink}</var>
</assign>
<kw name="Read Locator From JSON" library="Locators">
<arguments>
<arg>${jsonpath}</arg>
</arguments>
<assign>
<var>${result}</var>
</assign>
<msg timestamp="20200705 09:21:22.160" level="INFO">${result} = xpath://a[text()='New to Flipkart? Create an account']</msg>
<status status="PASS" starttime="20200705 09:21:22.159" endtime="20200705 09:21:22.160"></status>
</kw>
<msg timestamp="20200705 09:21:22.161" level="INFO">${Createanaccountlink} = xpath://a[text()='New to Flipkart? Create an account']</msg>
<status status="PASS" starttime="20200705 09:21:22.159" endtime="20200705 09:21:22.161"></status>
</kw>
<kw name="Click Element" library="SeleniumLibrary">
<doc>Click the element identified by ``locator``.</doc>
<arguments>
<arg>${Createanaccountlink}</arg>
</arguments>
<msg timestamp="20200705 09:21:22.165" level="INFO">Clicking element 'xpath://a[text()='New to Flipkart? Create an account']'.</msg>
<status status="PASS" starttime="20200705 09:21:22.164" endtime="20200705 09:21:22.411"></status>
</kw>
<kw name="Read_Element_Locator" library="UseDefinedKeywords">
<arguments>
<arg>Login.SignUp.Existing User?Login_link</arg>
</arguments>
<assign>
<var>${ExistingUser?Loginlink}</var>
</assign>
<kw name="Read Locator From JSON" library="Locators">
<arguments>
<arg>${jsonpath}</arg>
</arguments>
<assign>
<var>${result}</var>
</assign>
<msg timestamp="20200705 09:21:22.413" level="INFO">${result} = xpath://span[text()='Existing User? Log in']</msg>
<status status="PASS" starttime="20200705 09:21:22.412" endtime="20200705 09:21:22.413"></status>
</kw>
<msg timestamp="20200705 09:21:22.414" level="INFO">${ExistingUser?Loginlink} = xpath://span[text()='Existing User? Log in']</msg>
<status status="PASS" starttime="20200705 09:21:22.412" endtime="20200705 09:21:22.414"></status>
</kw>
<kw name="Click Element" library="SeleniumLibrary">
<doc>Click the element identified by ``locator``.</doc>
<arguments>
<arg>${ExistingUser?Loginlink}</arg>
</arguments>
<msg timestamp="20200705 09:21:22.416" level="INFO">Clicking element 'xpath://span[text()='Existing User? Log in']'.</msg>
<status status="PASS" starttime="20200705 09:21:22.415" endtime="20200705 09:21:22.530"></status>
</kw>
<kw name="Sleep" library="BuiltIn">
<doc>Pauses the test executed for the given time.</doc>
<arguments>
<arg>5 seconds</arg>
</arguments>
<msg timestamp="20200705 09:21:27.535" level="INFO">Slept 5 seconds</msg>
<status status="PASS" starttime="20200705 09:21:22.531" endtime="20200705 09:21:27.537"></status>
</kw>
<kw name="Page Should Contain Button" library="SeleniumLibrary">
<doc>Verifies button ``locator`` is found from current page.</doc>
<arguments>
<arg>Login</arg>
</arguments>
<msg timestamp="20200705 09:21:28.126" level="INFO">Current page contains button 'Login'.</msg>
<status status="PASS" starttime="20200705 09:21:27.538" endtime="20200705 09:21:28.127"></status>
</kw>
<kw name="Capture Page Screenshot" library="SeleniumLibrary">
<doc>Takes a screenshot of the current page and embeds it into a log file.</doc>
<arguments>
<arg>C:/Users/arun/PycharmProjects/FlipcartRobot/Screenshots/TC_Signup_002.png</arg>
</arguments>
<msg timestamp="20200705 09:21:28.837" level="INFO" html="yes">&lt;/td&gt;&lt;/tr&gt;&lt;tr&gt;&lt;td colspan="3"&gt;&lt;a href="../../Screenshots/TC_Signup_002.png"&gt;&lt;img src="../../Screenshots/TC_Signup_002.png" width="800px"&gt;&lt;/a&gt;</msg>
<status status="PASS" starttime="20200705 09:21:28.128" endtime="20200705 09:21:28.837"></status>
</kw>
<kw name="Close All Browsers" library="SeleniumLibrary">
<doc>Closes all open browsers and resets the browser cache.</doc>
<status status="PASS" starttime="20200705 09:21:28.838" endtime="20200705 09:21:31.119"></status>
</kw>
<doc>"User clicks on Existing User?/ Login link"</doc>
<tags>
<tag>Smoke</tag>
</tags>
<status status="PASS" starttime="20200705 09:21:13.486" endtime="20200705 09:21:31.121" critical="yes"></status>
</test>
<test id="s1-t3" name="TC_Signup_003">
<kw name="OpenBrowser and Maximize">
<kw name="Open Browser" library="SeleniumLibrary">
<doc>Opens a new browser instance to the optional ``url``.</doc>
<arguments>
<arg>${URL}</arg>
<arg>${Browser}</arg>
</arguments>
<msg timestamp="20200705 09:21:31.134" level="INFO">Opening browser 'Chrome' to base url 'https://www.flipkart.com/'.</msg>
<status status="PASS" starttime="20200705 09:21:31.133" endtime="20200705 09:21:41.534"></status>
</kw>
<kw name="Maximize Browser Window" library="SeleniumLibrary">
<doc>Maximizes current browser window.</doc>
<status status="PASS" starttime="20200705 09:21:41.535" endtime="20200705 09:21:42.677"></status>
</kw>
<status status="PASS" starttime="20200705 09:21:31.132" endtime="20200705 09:21:42.678"></status>
</kw>
<kw name="Read_Element_Locator" library="UseDefinedKeywords">
<arguments>
<arg>Login.SignUp.Click_Create_An_Account_Element</arg>
</arguments>
<assign>
<var>${Createanaccountlink}</var>
</assign>
<kw name="Read Locator From JSON" library="Locators">
<arguments>
<arg>${jsonpath}</arg>
</arguments>
<assign>
<var>${result}</var>
</assign>
<msg timestamp="20200705 09:21:42.695" level="INFO">${result} = xpath://a[text()='New to Flipkart? Create an account']</msg>
<status status="PASS" starttime="20200705 09:21:42.693" endtime="20200705 09:21:42.695"></status>
</kw>
<msg timestamp="20200705 09:21:42.697" level="INFO">${Createanaccountlink} = xpath://a[text()='New to Flipkart? Create an account']</msg>
<status status="PASS" starttime="20200705 09:21:42.690" endtime="20200705 09:21:42.697"></status>
</kw>
<kw name="Click Element" library="SeleniumLibrary">
<doc>Click the element identified by ``locator``.</doc>
<arguments>
<arg>${Createanaccountlink}</arg>
</arguments>
<msg timestamp="20200705 09:21:42.719" level="INFO">Clicking element 'xpath://a[text()='New to Flipkart? Create an account']'.</msg>
<status status="PASS" starttime="20200705 09:21:42.718" endtime="20200705 09:21:43.450"></status>
</kw>
<kw name="Read_Element_Locator" library="UseDefinedKeywords">
<arguments>
<arg>Login.UserName_Text_BOX</arg>
</arguments>
<assign>
<var>${UserName}</var>
</assign>
<kw name="Read Locator From JSON" library="Locators">
<arguments>
<arg>${jsonpath}</arg>
</arguments>
<assign>
<var>${result}</var>
</assign>
<msg timestamp="20200705 09:21:43.455" level="INFO">${result} = xpath://input[@class='_2zrpKA _1dBPDZ']</msg>
<status status="PASS" starttime="20200705 09:21:43.452" endtime="20200705 09:21:43.455"></status>
</kw>
<msg timestamp="20200705 09:21:43.456" level="INFO">${UserName} = xpath://input[@class='_2zrpKA _1dBPDZ']</msg>
<status status="PASS" starttime="20200705 09:21:43.451" endtime="20200705 09:21:43.456"></status>
</kw>
<kw name="Input Text" library="SeleniumLibrary">
<doc>Types the given ``text`` into the text field identified by ``locator``.</doc>
<arguments>
<arg>${UserName}</arg>
<arg>0000000000</arg>
</arguments>
<msg timestamp="20200705 09:21:43.459" level="INFO">Typing text '0000000000' into text field 'xpath://input[@class='_2zrpKA _1dBPDZ']'.</msg>
<status status="PASS" starttime="20200705 09:21:43.457" endtime="20200705 09:21:43.851"></status>
</kw>
<kw name="Read_Element_Locator" library="UseDefinedKeywords">
<arguments>
<arg>Login.SignUp.Continue_Button</arg>
</arguments>
<assign>
<var>${Click_Button}</var>
</assign>
<kw name="Read Locator From JSON" library="Locators">
<arguments>
<arg>${jsonpath}</arg>
</arguments>
<assign>
<var>${result}</var>
</assign>
<msg timestamp="20200705 09:21:43.855" level="INFO">${result} = xpath://button[@class='_2AkmmA _1LctnI _7UHT_c']</msg>
<status status="PASS" starttime="20200705 09:21:43.853" endtime="20200705 09:21:43.855"></status>
</kw>
<msg timestamp="20200705 09:21:43.856" level="INFO">${Click_Button} = xpath://button[@class='_2AkmmA _1LctnI _7UHT_c']</msg>
<status status="PASS" starttime="20200705 09:21:43.852" endtime="20200705 09:21:43.856"></status>
</kw>
<kw name="Click Button" library="SeleniumLibrary">
<doc>Clicks the button identified by ``locator``.</doc>
<arguments>
<arg>${Click_Button}</arg>
</arguments>
<msg timestamp="20200705 09:21:43.858" level="INFO">Clicking button 'xpath://button[@class='_2AkmmA _1LctnI _7UHT_c']'.</msg>
<status status="PASS" starttime="20200705 09:21:43.858" endtime="20200705 09:21:44.028"></status>
</kw>
<kw name="Sleep" library="BuiltIn">
<doc>Pauses the test executed for the given time.</doc>
<arguments>
<arg>5 seconds</arg>
</arguments>
<msg timestamp="20200705 09:21:49.031" level="INFO">Slept 5 seconds</msg>
<status status="PASS" starttime="20200705 09:21:44.029" endtime="20200705 09:21:49.031"></status>
</kw>
<kw name="Page Should Contain" library="SeleniumLibrary">
<doc>Verifies that current page contains ``text``.</doc>
<arguments>
<arg>Please enter a valid Mobile number</arg>
</arguments>
<msg timestamp="20200705 09:21:49.101" level="INFO">Current page contains text 'Please enter a valid Mobile number'.</msg>
<status status="PASS" starttime="20200705 09:21:49.032" endtime="20200705 09:21:49.101"></status>
</kw>
<kw name="Capture Page Screenshot" library="SeleniumLibrary">
<doc>Takes a screenshot of the current page and embeds it into a log file.</doc>
<arguments>
<arg>C:/Users/arun/PycharmProjects/FlipcartRobot/Screenshots/TC_Signup_003.png</arg>
</arguments>
<msg timestamp="20200705 09:21:49.738" level="INFO" html="yes">&lt;/td&gt;&lt;/tr&gt;&lt;tr&gt;&lt;td colspan="3"&gt;&lt;a href="../../Screenshots/TC_Signup_003.png"&gt;&lt;img src="../../Screenshots/TC_Signup_003.png" width="800px"&gt;&lt;/a&gt;</msg>
<status status="PASS" starttime="20200705 09:21:49.103" endtime="20200705 09:21:49.739"></status>
</kw>
<kw name="Close All Browsers" library="SeleniumLibrary">
<doc>Closes all open browsers and resets the browser cache.</doc>
<status status="PASS" starttime="20200705 09:21:49.743" endtime="20200705 09:21:51.233"></status>
</kw>
<doc>"User enters invalid Mobile number, User clicks on continue button"</doc>
<tags>
<tag>Sanity</tag>
</tags>
<status status="PASS" starttime="20200705 09:21:31.128" endtime="20200705 09:21:51.234" critical="yes"></status>
</test>
<test id="s1-t4" name="TC_Signup_004">
<kw name="OpenBrowser and Maximize">
<kw name="Open Browser" library="SeleniumLibrary">
<doc>Opens a new browser instance to the optional ``url``.</doc>
<arguments>
<arg>${URL}</arg>
<arg>${Browser}</arg>
</arguments>
<msg timestamp="20200705 09:21:51.245" level="INFO">Opening browser 'Chrome' to base url 'https://www.flipkart.com/'.</msg>
<status status="PASS" starttime="20200705 09:21:51.244" endtime="20200705 09:21:59.653"></status>
</kw>
<kw name="Maximize Browser Window" library="SeleniumLibrary">
<doc>Maximizes current browser window.</doc>
<status status="PASS" starttime="20200705 09:21:59.654" endtime="20200705 09:22:00.368"></status>
</kw>
<status status="PASS" starttime="20200705 09:21:51.242" endtime="20200705 09:22:00.368"></status>
</kw>
<kw name="Read_Element_Locator" library="UseDefinedKeywords">
<arguments>
<arg>Login.SignUp.Click_Create_An_Account_Element</arg>
</arguments>
<assign>
<var>${Createanaccountlink}</var>
</assign>
<kw name="Read Locator From JSON" library="Locators">
<arguments>
<arg>${jsonpath}</arg>
</arguments>
<assign>
<var>${result}</var>
</assign>
<msg timestamp="20200705 09:22:00.372" level="INFO">${result} = xpath://a[text()='New to Flipkart? Create an account']</msg>
<status status="PASS" starttime="20200705 09:22:00.370" endtime="20200705 09:22:00.373"></status>
</kw>
<msg timestamp="20200705 09:22:00.373" level="INFO">${Createanaccountlink} = xpath://a[text()='New to Flipkart? Create an account']</msg>
<status status="PASS" starttime="20200705 09:22:00.369" endtime="20200705 09:22:00.374"></status>
</kw>
<kw name="Click Element" library="SeleniumLibrary">
<doc>Click the element identified by ``locator``.</doc>
<arguments>
<arg>${Createanaccountlink}</arg>
</arguments>
<msg timestamp="20200705 09:22:00.375" level="INFO">Clicking element 'xpath://a[text()='New to Flipkart? Create an account']'.</msg>
<status status="PASS" starttime="20200705 09:22:00.375" endtime="20200705 09:22:00.751"></status>
</kw>
<kw name="Read_Element_Locator" library="UseDefinedKeywords">
<arguments>
<arg>Login.SignUp.Continue_Button</arg>
</arguments>
<assign>
<var>${Click_Button}</var>
</assign>
<kw name="Read Locator From JSON" library="Locators">
<arguments>
<arg>${jsonpath}</arg>
</arguments>
<assign>
<var>${result}</var>
</assign>
<msg timestamp="20200705 09:22:00.773" level="INFO">${result} = xpath://button[@class='_2AkmmA _1LctnI _7UHT_c']</msg>
<status status="PASS" starttime="20200705 09:22:00.753" endtime="20200705 09:22:00.774"></status>
</kw>
<msg timestamp="20200705 09:22:00.774" level="INFO">${Click_Button} = xpath://button[@class='_2AkmmA _1LctnI _7UHT_c']</msg>
<status status="PASS" starttime="20200705 09:22:00.752" endtime="20200705 09:22:00.774"></status>
</kw>
<kw name="Click Button" library="SeleniumLibrary">
<doc>Clicks the button identified by ``locator``.</doc>
<arguments>
<arg>${Click_Button}</arg>
</arguments>
<msg timestamp="20200705 09:22:00.775" level="INFO">Clicking button 'xpath://button[@class='_2AkmmA _1LctnI _7UHT_c']'.</msg>
<status status="PASS" starttime="20200705 09:22:00.775" endtime="20200705 09:22:00.910"></status>
</kw>
<kw name="Sleep" library="BuiltIn">
<doc>Pauses the test executed for the given time.</doc>
<arguments>
<arg>5 seconds</arg>
</arguments>
<msg timestamp="20200705 09:22:05.913" level="INFO">Slept 5 seconds</msg>
<status status="PASS" starttime="20200705 09:22:00.911" endtime="20200705 09:22:05.913"></status>
</kw>
<kw name="Page Should Contain" library="SeleniumLibrary">
<doc>Verifies that current page contains ``text``.</doc>
<arguments>
<arg>Please enter a valid Mobile number</arg>
</arguments>
<msg timestamp="20200705 09:22:05.996" level="INFO">Current page contains text 'Please enter a valid Mobile number'.</msg>
<status status="PASS" starttime="20200705 09:22:05.915" endtime="20200705 09:22:05.997"></status>
</kw>
<kw name="Capture Page Screenshot" library="SeleniumLibrary">
<doc>Takes a screenshot of the current page and embeds it into a log file.</doc>
<arguments>
<arg>C:/Users/arun/PycharmProjects/FlipcartRobot/Screenshots/TC_Signup_004.png</arg>
</arguments>
<msg timestamp="20200705 09:22:06.569" level="INFO" html="yes">&lt;/td&gt;&lt;/tr&gt;&lt;tr&gt;&lt;td colspan="3"&gt;&lt;a href="../../Screenshots/TC_Signup_004.png"&gt;&lt;img src="../../Screenshots/TC_Signup_004.png" width="800px"&gt;&lt;/a&gt;</msg>
<status status="PASS" starttime="20200705 09:22:05.998" endtime="20200705 09:22:06.570"></status>
</kw>
<kw name="Close All Browsers" library="SeleniumLibrary">
<doc>Closes all open browsers and resets the browser cache.</doc>
<status status="PASS" starttime="20200705 09:22:06.570" endtime="20200705 09:22:07.970"></status>
</kw>
<doc>"User directly click on continue button "</doc>
<tags>
<tag>Regression</tag>
</tags>
<status status="PASS" starttime="20200705 09:21:51.239" endtime="20200705 09:22:07.972" critical="yes"></status>
</test>
<test id="s1-t5" name="TC_Signup_005">
<kw name="OpenBrowser and Maximize">
<kw name="Open Browser" library="SeleniumLibrary">
<doc>Opens a new browser instance to the optional ``url``.</doc>
<arguments>
<arg>${URL}</arg>
<arg>${Browser}</arg>
</arguments>
<msg timestamp="20200705 09:22:07.984" level="INFO">Opening browser 'Chrome' to base url 'https://www.flipkart.com/'.</msg>
<status status="PASS" starttime="20200705 09:22:07.983" endtime="20200705 09:22:18.276"></status>
</kw>
<kw name="Maximize Browser Window" library="SeleniumLibrary">
<doc>Maximizes current browser window.</doc>
<status status="PASS" starttime="20200705 09:22:18.277" endtime="20200705 09:22:19.196"></status>
</kw>
<status status="PASS" starttime="20200705 09:22:07.981" endtime="20200705 09:22:19.196"></status>
</kw>
<kw name="Read_Element_Locator" library="UseDefinedKeywords">
<arguments>
<arg>Login.SignUp.Click_Create_An_Account_Element</arg>
</arguments>
<assign>
<var>${Createanaccountlink}</var>
</assign>
<kw name="Read Locator From JSON" library="Locators">
<arguments>
<arg>${jsonpath}</arg>
</arguments>
<assign>
<var>${result}</var>
</assign>
<msg timestamp="20200705 09:22:19.202" level="INFO">${result} = xpath://a[text()='New to Flipkart? Create an account']</msg>
<status status="PASS" starttime="20200705 09:22:19.199" endtime="20200705 09:22:19.202"></status>
</kw>
<msg timestamp="20200705 09:22:19.204" level="INFO">${Createanaccountlink} = xpath://a[text()='New to Flipkart? Create an account']</msg>
<status status="PASS" starttime="20200705 09:22:19.198" endtime="20200705 09:22:19.204"></status>
</kw>
<kw name="Click Element" library="SeleniumLibrary">
<doc>Click the element identified by ``locator``.</doc>
<arguments>
<arg>${Createanaccountlink}</arg>
</arguments>
<msg timestamp="20200705 09:22:19.208" level="INFO">Clicking element 'xpath://a[text()='New to Flipkart? Create an account']'.</msg>
<status status="PASS" starttime="20200705 09:22:19.207" endtime="20200705 09:22:19.829"></status>
</kw>
<kw name="Page Should Contain" library="SeleniumLibrary">
<doc>Verifies that current page contains ``text``.</doc>
<arguments>
<arg>Sign up with your mobile number to get started</arg>
</arguments>
<msg timestamp="20200705 09:22:19.877" level="INFO">Current page contains text 'Sign up with your mobile number to get started'.</msg>
<status status="PASS" starttime="20200705 09:22:19.831" endtime="20200705 09:22:19.878"></status>
</kw>
<kw name="Capture Page Screenshot" library="SeleniumLibrary">
<doc>Takes a screenshot of the current page and embeds it into a log file.</doc>
<arguments>
<arg>C:/Users/arun/PycharmProjects/FlipcartRobot/Screenshots/TC_Signup_005.png</arg>
</arguments>
<msg timestamp="20200705 09:22:20.418" level="INFO" html="yes">&lt;/td&gt;&lt;/tr&gt;&lt;tr&gt;&lt;td colspan="3"&gt;&lt;a href="../../Screenshots/TC_Signup_005.png"&gt;&lt;img src="../../Screenshots/TC_Signup_005.png" width="800px"&gt;&lt;/a&gt;</msg>
<status status="PASS" starttime="20200705 09:22:19.878" endtime="20200705 09:22:20.419"></status>
</kw>
<kw name="Close All Browsers" library="SeleniumLibrary">
<doc>Closes all open browsers and resets the browser cache.</doc>
<status status="PASS" starttime="20200705 09:22:20.420" endtime="20200705 09:22:21.759"></status>
</kw>
<doc>"User wait at Signup page"</doc>
<tags>
<tag>Smoke</tag>
</tags>
<status status="PASS" starttime="20200705 09:22:07.978" endtime="20200705 09:22:21.761" critical="yes"></status>
</test>
<status status="PASS" starttime="20200705 09:20:44.166" endtime="20200705 09:22:21.770"></status>
</suite>
<statistics>
<total>
<stat pass="5" fail="0">Critical Tests</stat>
<stat pass="5" fail="0">All Tests</stat>
</total>
<tag>
<stat pass="2" fail="0">Regression</stat>
<stat pass="1" fail="0">Sanity</stat>
<stat pass="2" fail="0">Smoke</stat>
</tag>
<suite>
<stat pass="5" fail="0" id="s1" name="TC Signup">TC Signup</stat>
</suite>
</statistics>
<errors>
</errors>
</robot>
