<?xml version="1.0" encoding="UTF-8"?>
<robot generator="Robot 3.2.1 (Python 3.7.2 on win32)" generated="20200705 10:41:02.237" rpa="false">
<suite id="s1" name="TC Cart" source="C:\Users\arun\PycharmProjects\FlipcartRobot\TestCases\Cart\TC_Cart.robot">
<test id="s1-t1" name="TC_CART_001">
<kw name="OpenBrowser and Maximize">
<kw name="Open Browser" library="SeleniumLibrary">
<doc>Opens a new browser instance to the optional ``url``.</doc>
<arguments>
<arg>${URL}</arg>
<arg>${Browser}</arg>
</arguments>
<msg timestamp="20200705 10:41:05.099" level="INFO">Opening browser 'Chrome' to base url 'https://www.flipkart.com/'.</msg>
<status status="PASS" starttime="20200705 10:41:05.098" endtime="20200705 10:41:13.869"></status>
</kw>
<kw name="Maximize Browser Window" library="SeleniumLibrary">
<doc>Maximizes current browser window.</doc>
<status status="PASS" starttime="20200705 10:41:13.870" endtime="20200705 10:41:14.004"></status>
</kw>
<status status="PASS" starttime="20200705 10:41:05.096" endtime="20200705 10:41:14.004"></status>
</kw>
<kw name="Read_Element_Locator" library="UseDefinedKeywords">
<arguments>
<arg>Login.Remove_Login_Window</arg>
</arguments>
<assign>
<var>${RemoveLoginWindow}</var>
</assign>
<kw name="Read Locator From JSON" library="Locators">
<arguments>
<arg>${jsonpath}</arg>
</arguments>
<assign>
<var>${result}</var>
</assign>
<msg timestamp="20200705 10:41:14.012" level="INFO">${result} = xpath://button[@class='_2AkmmA _29YdH8']</msg>
<status status="PASS" starttime="20200705 10:41:14.010" endtime="20200705 10:41:14.012"></status>
</kw>
<msg timestamp="20200705 10:41:14.013" level="INFO">${RemoveLoginWindow} = xpath://button[@class='_2AkmmA _29YdH8']</msg>
<status status="PASS" starttime="20200705 10:41:14.009" endtime="20200705 10:41:14.013"></status>
</kw>
<kw name="Click Element" library="SeleniumLibrary">
<doc>Click the element identified by ``locator``.</doc>
<arguments>
<arg>${RemoveLoginWindow}</arg>
</arguments>
<msg timestamp="20200705 10:41:14.014" level="INFO">Clicking element 'xpath://button[@class='_2AkmmA _29YdH8']'.</msg>
<status status="PASS" starttime="20200705 10:41:14.014" endtime="20200705 10:41:14.286"></status>
</kw>
<kw name="Read_Element_Locator" library="UseDefinedKeywords">
<arguments>
<arg>Login.Cart.Click_Cart_Link</arg>
</arguments>
<assign>
<var>${ClickCartLink}</var>
</assign>
<kw name="Read Locator From JSON" library="Locators">
<arguments>
<arg>${jsonpath}</arg>
</arguments>
<assign>
<var>${result}</var>
</assign>
<msg timestamp="20200705 10:41:14.293" level="INFO">${result} = xpath://span[text()='Cart']</msg>
<status status="PASS" starttime="20200705 10:41:14.292" endtime="20200705 10:41:14.293"></status>
</kw>
<msg timestamp="20200705 10:41:14.294" level="INFO">${ClickCartLink} = xpath://span[text()='Cart']</msg>
<status status="PASS" starttime="20200705 10:41:14.291" endtime="20200705 10:41:14.294"></status>
</kw>
<kw name="Click Element" library="SeleniumLibrary">
<doc>Click the element identified by ``locator``.</doc>
<arguments>
<arg>${ClickCartLink}</arg>
</arguments>
<msg timestamp="20200705 10:41:14.295" level="INFO">Clicking element 'xpath://span[text()='Cart']'.</msg>
<status status="PASS" starttime="20200705 10:41:14.295" endtime="20200705 10:41:14.460"></status>
</kw>
<kw name="Sleep" library="BuiltIn">
<doc>Pauses the test executed for the given time.</doc>
<arguments>
<arg>5 seconds</arg>
</arguments>
<msg timestamp="20200705 10:41:19.462" level="INFO">Slept 5 seconds</msg>
<status status="PASS" starttime="20200705 10:41:14.461" endtime="20200705 10:41:19.462"></status>
</kw>
<kw name="Page Should Contain Button" library="SeleniumLibrary">
<doc>Verifies button ``locator`` is found from current page.</doc>
<arguments>
<arg>Login</arg>
</arguments>
<msg timestamp="20200705 10:41:19.637" level="INFO">Current page contains button 'Login'.</msg>
<status status="PASS" starttime="20200705 10:41:19.464" endtime="20200705 10:41:19.638"></status>
</kw>
<kw name="Capture Page Screenshot" library="SeleniumLibrary">
<doc>Takes a screenshot of the current page and embeds it into a log file.</doc>
<arguments>
<arg>C:/Users/arun/PycharmProjects/FlipcartRobot/Screenshots/TC_Cart_001.png</arg>
</arguments>
<msg timestamp="20200705 10:41:20.174" level="INFO" html="yes">&lt;/td&gt;&lt;/tr&gt;&lt;tr&gt;&lt;td colspan="3"&gt;&lt;a href="../../Screenshots/TC_Cart_001.png"&gt;&lt;img src="../../Screenshots/TC_Cart_001.png" width="800px"&gt;&lt;/a&gt;</msg>
<status status="PASS" starttime="20200705 10:41:19.639" endtime="20200705 10:41:20.175"></status>
</kw>
<kw name="Close All Browsers" library="SeleniumLibrary">
<doc>Closes all open browsers and resets the browser cache.</doc>
<status status="PASS" starttime="20200705 10:41:20.176" endtime="20200705 10:41:21.653"></status>
</kw>
<doc>"USer is at home page of flipcart.com. click on Cart Link"</doc>
<tags>
<tag>Regression</tag>
</tags>
<status status="PASS" starttime="20200705 10:41:05.093" endtime="20200705 10:41:21.655" critical="yes"></status>
</test>
<status status="PASS" starttime="20200705 10:41:02.248" endtime="20200705 10:41:21.771"></status>
</suite>
<statistics>
<total>
<stat pass="1" fail="0">Critical Tests</stat>
<stat pass="1" fail="0">All Tests</stat>
</total>
<tag>
<stat pass="1" fail="0">Regression</stat>
</tag>
<suite>
<stat pass="1" fail="0" id="s1" name="TC Cart">TC Cart</stat>
</suite>
</statistics>
<errors>
</errors>
</robot>
