<?xml version="1.0" encoding="UTF-8"?>
<robot generator="Robot 3.2.1 (Python 3.7.2 on win32)" generated="20200705 09:02:51.524" rpa="false">
<suite id="s1" name="TC Login" source="C:\Users\arun\PycharmProjects\FlipcartRobot\TestCases\Login\TC_Login.robot">
<test id="s1-t1" name="TC_Login_001">
<kw name="OpenBrowser and Maximize">
<kw name="Open Browser" library="SeleniumLibrary">
<doc>Opens a new browser instance to the optional ``url``.</doc>
<arguments>
<arg>${URL}</arg>
<arg>${Browser}</arg>
</arguments>
<msg timestamp="20200705 09:02:53.754" level="INFO">Opening browser 'Chrome' to base url 'https://www.flipkart.com/'.</msg>
<status status="PASS" starttime="20200705 09:02:53.753" endtime="20200705 09:03:04.983"></status>
</kw>
<kw name="Maximize Browser Window" library="SeleniumLibrary">
<doc>Maximizes current browser window.</doc>
<status status="PASS" starttime="20200705 09:03:04.983" endtime="20200705 09:03:05.249"></status>
</kw>
<status status="PASS" starttime="20200705 09:02:53.752" endtime="20200705 09:03:05.249"></status>
</kw>
<kw name="Read_Element_Locator" library="UseDefinedKeywords">
<arguments>
<arg>Login.UserName_Text_BOX</arg>
</arguments>
<assign>
<var>${UserName}</var>
</assign>
<kw name="Read Locator From JSON" library="Locators">
<arguments>
<arg>${jsonpath}</arg>
</arguments>
<assign>
<var>${result}</var>
</assign>
<msg timestamp="20200705 09:03:05.265" level="INFO">${result} = xpath://input[@class='_2zrpKA _1dBPDZ']</msg>
<status status="PASS" starttime="20200705 09:03:05.262" endtime="20200705 09:03:05.265"></status>
</kw>
<msg timestamp="20200705 09:03:05.266" level="INFO">${UserName} = xpath://input[@class='_2zrpKA _1dBPDZ']</msg>
<status status="PASS" starttime="20200705 09:03:05.259" endtime="20200705 09:03:05.266"></status>
</kw>
<kw name="Input Text" library="SeleniumLibrary">
<doc>Types the given ``text`` into the text field identified by ``locator``.</doc>
<arguments>
<arg>${UserName}</arg>
<arg>9560471003</arg>
</arguments>
<msg timestamp="20200705 09:03:05.269" level="INFO">Typing text '9560471003' into text field 'xpath://input[@class='_2zrpKA _1dBPDZ']'.</msg>
<status status="PASS" starttime="20200705 09:03:05.268" endtime="20200705 09:03:05.574"></status>
</kw>
<kw name="Sleep" library="BuiltIn">
<doc>Pauses the test executed for the given time.</doc>
<arguments>
<arg>5 seconds</arg>
</arguments>
<msg timestamp="20200705 09:03:10.576" level="INFO">Slept 5 seconds</msg>
<status status="PASS" starttime="20200705 09:03:05.575" endtime="20200705 09:03:10.576"></status>
</kw>
<kw name="Read_Element_Locator" library="UseDefinedKeywords">
<arguments>
<arg>Login.Password_Text_BOX</arg>
</arguments>
<assign>
<var>${Password}</var>
</assign>
<kw name="Read Locator From JSON" library="Locators">
<arguments>
<arg>${jsonpath}</arg>
</arguments>
<assign>
<var>${result}</var>
</assign>
<msg timestamp="20200705 09:03:10.588" level="INFO">${result} = xpath://input[@class='_2zrpKA _3v41xv _1dBPDZ']</msg>
<status status="PASS" starttime="20200705 09:03:10.585" endtime="20200705 09:03:10.589"></status>
</kw>
<msg timestamp="20200705 09:03:10.591" level="INFO">${Password} = xpath://input[@class='_2zrpKA _3v41xv _1dBPDZ']</msg>
<status status="PASS" starttime="20200705 09:03:10.583" endtime="20200705 09:03:10.601"></status>
</kw>
<kw name="Input Text" library="SeleniumLibrary">
<doc>Types the given ``text`` into the text field identified by ``locator``.</doc>
<arguments>
<arg>${Password}</arg>
<arg>vampire@100</arg>
</arguments>
<msg timestamp="20200705 09:03:10.603" level="INFO">Typing text 'vampire@100' into text field 'xpath://input[@class='_2zrpKA _3v41xv _1dBPDZ']'.</msg>
<status status="PASS" starttime="20200705 09:03:10.602" endtime="20200705 09:03:11.137"></status>
</kw>
<kw name="Read_Element_Locator" library="UseDefinedKeywords">
<arguments>
<arg>Login.Login_Button</arg>
</arguments>
<assign>
<var>${Login_Button}</var>
</assign>
<kw name="Read Locator From JSON" library="Locators">
<arguments>
<arg>${jsonpath}</arg>
</arguments>
<assign>
<var>${result}</var>
</assign>
<msg timestamp="20200705 09:03:11.140" level="INFO">${result} = xpath://form[@autocomplete='on']/div[3]/button</msg>
<status status="PASS" starttime="20200705 09:03:11.139" endtime="20200705 09:03:11.140"></status>
</kw>
<msg timestamp="20200705 09:03:11.141" level="INFO">${Login_Button} = xpath://form[@autocomplete='on']/div[3]/button</msg>
<status status="PASS" starttime="20200705 09:03:11.138" endtime="20200705 09:03:11.141"></status>
</kw>
<kw name="Click Element" library="SeleniumLibrary">
<doc>Click the element identified by ``locator``.</doc>
<arguments>
<arg>${Login_Button}</arg>
</arguments>
<msg timestamp="20200705 09:03:11.144" level="INFO">Clicking element 'xpath://form[@autocomplete='on']/div[3]/button'.</msg>
<status status="PASS" starttime="20200705 09:03:11.143" endtime="20200705 09:03:11.565"></status>
</kw>
<kw name="Sleep" library="BuiltIn">
<doc>Pauses the test executed for the given time.</doc>
<arguments>
<arg>10 seconds</arg>
</arguments>
<msg timestamp="20200705 09:03:21.570" level="INFO">Slept 10 seconds</msg>
<status status="PASS" starttime="20200705 09:03:11.570" endtime="20200705 09:03:21.570"></status>
</kw>
<kw name="Page Should Contain" library="SeleniumLibrary">
<doc>Verifies that current page contains ``text``.</doc>
<arguments>
<arg>My Account</arg>
</arguments>
<msg timestamp="20200705 09:03:21.740" level="INFO">Current page contains text 'My Account'.</msg>
<status status="PASS" starttime="20200705 09:03:21.582" endtime="20200705 09:03:21.741"></status>
</kw>
<kw name="Capture Page Screenshot" library="SeleniumLibrary">
<doc>Takes a screenshot of the current page and embeds it into a log file.</doc>
<arguments>
<arg>C:/Users/arun/PycharmProjects/FlipcartRobot/Screenshots/TC_Login_001.png</arg>
</arguments>
<msg timestamp="20200705 09:03:22.313" level="INFO" html="yes">&lt;/td&gt;&lt;/tr&gt;&lt;tr&gt;&lt;td colspan="3"&gt;&lt;a href="../../Screenshots/TC_Login_001.png"&gt;&lt;img src="../../Screenshots/TC_Login_001.png" width="800px"&gt;&lt;/a&gt;</msg>
<status status="PASS" starttime="20200705 09:03:21.741" endtime="20200705 09:03:22.313"></status>
</kw>
<kw name="Close Browser" library="SeleniumLibrary">
<doc>Closes the current browser.</doc>
<status status="PASS" starttime="20200705 09:03:22.314" endtime="20200705 09:03:23.895"></status>
</kw>
<doc>"User enters valid E-mailID/Phone number. User enters valid password, User Clicks on Login button"</doc>
<tags>
<tag>Regression</tag>
</tags>
<status status="PASS" starttime="20200705 09:02:53.749" endtime="20200705 09:03:23.897" critical="yes"></status>
</test>
<test id="s1-t2" name="TC_Login_002">
<kw name="OpenBrowser and Maximize">
<kw name="Open Browser" library="SeleniumLibrary">
<doc>Opens a new browser instance to the optional ``url``.</doc>
<arguments>
<arg>${URL}</arg>
<arg>${Browser}</arg>
</arguments>
<msg timestamp="20200705 09:03:23.917" level="INFO">Opening browser 'Chrome' to base url 'https://www.flipkart.com/'.</msg>
<status status="PASS" starttime="20200705 09:03:23.915" endtime="20200705 09:03:31.983"></status>
</kw>
<kw name="Maximize Browser Window" library="SeleniumLibrary">
<doc>Maximizes current browser window.</doc>
<status status="PASS" starttime="20200705 09:03:31.983" endtime="20200705 09:03:32.336"></status>
</kw>
<status status="PASS" starttime="20200705 09:03:23.912" endtime="20200705 09:03:32.336"></status>
</kw>
<kw name="Read_Element_Locator" library="UseDefinedKeywords">
<arguments>
<arg>Login.UserName_Text_BOX</arg>
</arguments>
<assign>
<var>${UserName}</var>
</assign>
<kw name="Read Locator From JSON" library="Locators">
<arguments>
<arg>${jsonpath}</arg>
</arguments>
<assign>
<var>${result}</var>
</assign>
<msg timestamp="20200705 09:03:32.341" level="INFO">${result} = xpath://input[@class='_2zrpKA _1dBPDZ']</msg>
<status status="PASS" starttime="20200705 09:03:32.340" endtime="20200705 09:03:32.341"></status>
</kw>
<msg timestamp="20200705 09:03:32.342" level="INFO">${UserName} = xpath://input[@class='_2zrpKA _1dBPDZ']</msg>
<status status="PASS" starttime="20200705 09:03:32.339" endtime="20200705 09:03:32.342"></status>
</kw>
<kw name="Input Text" library="SeleniumLibrary">
<doc>Types the given ``text`` into the text field identified by ``locator``.</doc>
<arguments>
<arg>${UserName}</arg>
<arg>9560471004</arg>
</arguments>
<msg timestamp="20200705 09:03:32.343" level="INFO">Typing text '9560471004' into text field 'xpath://input[@class='_2zrpKA _1dBPDZ']'.</msg>
<status status="PASS" starttime="20200705 09:03:32.343" endtime="20200705 09:03:32.616"></status>
</kw>
<kw name="Sleep" library="BuiltIn">
<doc>Pauses the test executed for the given time.</doc>
<arguments>
<arg>5 seconds</arg>
</arguments>
<msg timestamp="20200705 09:03:37.617" level="INFO">Slept 5 seconds</msg>
<status status="PASS" starttime="20200705 09:03:32.617" endtime="20200705 09:03:37.617"></status>
</kw>
<kw name="Read_Element_Locator" library="UseDefinedKeywords">
<arguments>
<arg>Login.Password_Text_BOX</arg>
</arguments>
<assign>
<var>${Password}</var>
</assign>
<kw name="Read Locator From JSON" library="Locators">
<arguments>
<arg>${jsonpath}</arg>
</arguments>
<assign>
<var>${result}</var>
</assign>
<msg timestamp="20200705 09:03:37.623" level="INFO">${result} = xpath://input[@class='_2zrpKA _3v41xv _1dBPDZ']</msg>
<status status="PASS" starttime="20200705 09:03:37.621" endtime="20200705 09:03:37.624"></status>
</kw>
<msg timestamp="20200705 09:03:37.625" level="INFO">${Password} = xpath://input[@class='_2zrpKA _3v41xv _1dBPDZ']</msg>
<status status="PASS" starttime="20200705 09:03:37.619" endtime="20200705 09:03:37.625"></status>
</kw>
<kw name="Input Text" library="SeleniumLibrary">
<doc>Types the given ``text`` into the text field identified by ``locator``.</doc>
<arguments>
<arg>${Password}</arg>
<arg>anil12345</arg>
</arguments>
<msg timestamp="20200705 09:03:37.628" level="INFO">Typing text 'anil12345' into text field 'xpath://input[@class='_2zrpKA _3v41xv _1dBPDZ']'.</msg>
<status status="PASS" starttime="20200705 09:03:37.626" endtime="20200705 09:03:38.089"></status>
</kw>
<kw name="Read_Element_Locator" library="UseDefinedKeywords">
<arguments>
<arg>Login.Login_Button</arg>
</arguments>
<assign>
<var>${Login_Button}</var>
</assign>
<kw name="Read Locator From JSON" library="Locators">
<arguments>
<arg>${jsonpath}</arg>
</arguments>
<assign>
<var>${result}</var>
</assign>
<msg timestamp="20200705 09:03:38.093" level="INFO">${result} = xpath://form[@autocomplete='on']/div[3]/button</msg>
<status status="PASS" starttime="20200705 09:03:38.091" endtime="20200705 09:03:38.093"></status>
</kw>
<msg timestamp="20200705 09:03:38.093" level="INFO">${Login_Button} = xpath://form[@autocomplete='on']/div[3]/button</msg>
<status status="PASS" starttime="20200705 09:03:38.090" endtime="20200705 09:03:38.093"></status>
</kw>
<kw name="Click Element" library="SeleniumLibrary">
<doc>Click the element identified by ``locator``.</doc>
<arguments>
<arg>${Login_Button}</arg>
</arguments>
<msg timestamp="20200705 09:03:38.095" level="INFO">Clicking element 'xpath://form[@autocomplete='on']/div[3]/button'.</msg>
<status status="PASS" starttime="20200705 09:03:38.094" endtime="20200705 09:03:38.221"></status>
</kw>
<kw name="Sleep" library="BuiltIn">
<doc>Pauses the test executed for the given time.</doc>
<arguments>
<arg>5 seconds</arg>
</arguments>
<msg timestamp="20200705 09:03:43.224" level="INFO">Slept 5 seconds</msg>
<status status="PASS" starttime="20200705 09:03:38.222" endtime="20200705 09:03:43.225"></status>
</kw>
<kw name="Page Should Contain Button" library="SeleniumLibrary">
<doc>Verifies button ``locator`` is found from current page.</doc>
<arguments>
<arg>CONTINUE</arg>
</arguments>
<msg timestamp="20200705 09:03:43.480" level="INFO">Current page contains button 'CONTINUE'.</msg>
<status status="PASS" starttime="20200705 09:03:43.227" endtime="20200705 09:03:43.480"></status>
</kw>
<kw name="Capture Page Screenshot" library="SeleniumLibrary">
<doc>Takes a screenshot of the current page and embeds it into a log file.</doc>
<arguments>
<arg>C:/Users/arun/PycharmProjects/FlipcartRobot/Screenshots/TC_Login_002.png</arg>
</arguments>
<msg timestamp="20200705 09:03:44.635" level="INFO" html="yes">&lt;/td&gt;&lt;/tr&gt;&lt;tr&gt;&lt;td colspan="3"&gt;&lt;a href="../../Screenshots/TC_Login_002.png"&gt;&lt;img src="../../Screenshots/TC_Login_002.png" width="800px"&gt;&lt;/a&gt;</msg>
<status status="PASS" starttime="20200705 09:03:43.485" endtime="20200705 09:03:44.635"></status>
</kw>
<kw name="Close Browser" library="SeleniumLibrary">
<doc>Closes the current browser.</doc>
<status status="PASS" starttime="20200705 09:03:44.637" endtime="20200705 09:03:46.975"></status>
</kw>
<doc>"User enters invalid E-mailID/Phone number, User enters valid password, User Clicks on Login button"</doc>
<tags>
<tag>Smoke</tag>
</tags>
<status status="PASS" starttime="20200705 09:03:23.903" endtime="20200705 09:03:46.976" critical="yes"></status>
</test>
<test id="s1-t3" name="TC_Login_003">
<kw name="OpenBrowser and Maximize">
<kw name="Open Browser" library="SeleniumLibrary">
<doc>Opens a new browser instance to the optional ``url``.</doc>
<arguments>
<arg>${URL}</arg>
<arg>${Browser}</arg>
</arguments>
<msg timestamp="20200705 09:03:47.028" level="INFO">Opening browser 'Chrome' to base url 'https://www.flipkart.com/'.</msg>
<status status="PASS" starttime="20200705 09:03:46.987" endtime="20200705 09:03:55.939"></status>
</kw>
<kw name="Maximize Browser Window" library="SeleniumLibrary">
<doc>Maximizes current browser window.</doc>
<status status="PASS" starttime="20200705 09:03:55.940" endtime="20200705 09:03:56.367"></status>
</kw>
<status status="PASS" starttime="20200705 09:03:46.986" endtime="20200705 09:03:56.367"></status>
</kw>
<kw name="Read_Element_Locator" library="UseDefinedKeywords">
<arguments>
<arg>Login.UserName_Text_BOX</arg>
</arguments>
<assign>
<var>${UserName}</var>
</assign>
<kw name="Read Locator From JSON" library="Locators">
<arguments>
<arg>${jsonpath}</arg>
</arguments>
<assign>
<var>${result}</var>
</assign>
<msg timestamp="20200705 09:03:56.380" level="INFO">${result} = xpath://input[@class='_2zrpKA _1dBPDZ']</msg>
<status status="PASS" starttime="20200705 09:03:56.378" endtime="20200705 09:03:56.380"></status>
</kw>
<msg timestamp="20200705 09:03:56.381" level="INFO">${UserName} = xpath://input[@class='_2zrpKA _1dBPDZ']</msg>
<status status="PASS" starttime="20200705 09:03:56.377" endtime="20200705 09:03:56.381"></status>
</kw>
<kw name="Input Text" library="SeleniumLibrary">
<doc>Types the given ``text`` into the text field identified by ``locator``.</doc>
<arguments>
<arg>${UserName}</arg>
<arg>9560471005</arg>
</arguments>
<msg timestamp="20200705 09:03:56.386" level="INFO">Typing text '9560471005' into text field 'xpath://input[@class='_2zrpKA _1dBPDZ']'.</msg>
<status status="PASS" starttime="20200705 09:03:56.385" endtime="20200705 09:03:56.637"></status>
</kw>
<kw name="Sleep" library="BuiltIn">
<doc>Pauses the test executed for the given time.</doc>
<arguments>
<arg>5 seconds</arg>
</arguments>
<msg timestamp="20200705 09:04:01.639" level="INFO">Slept 5 seconds</msg>
<status status="PASS" starttime="20200705 09:03:56.638" endtime="20200705 09:04:01.640"></status>
</kw>
<kw name="Read_Element_Locator" library="UseDefinedKeywords">
<arguments>
<arg>Login.Password_Text_BOX</arg>
</arguments>
<assign>
<var>${Password}</var>
</assign>
<kw name="Read Locator From JSON" library="Locators">
<arguments>
<arg>${jsonpath}</arg>
</arguments>
<assign>
<var>${result}</var>
</assign>
<msg timestamp="20200705 09:04:01.646" level="INFO">${result} = xpath://input[@class='_2zrpKA _3v41xv _1dBPDZ']</msg>
<status status="PASS" starttime="20200705 09:04:01.643" endtime="20200705 09:04:01.647"></status>
</kw>
<msg timestamp="20200705 09:04:01.647" level="INFO">${Password} = xpath://input[@class='_2zrpKA _3v41xv _1dBPDZ']</msg>
<status status="PASS" starttime="20200705 09:04:01.641" endtime="20200705 09:04:01.648"></status>
</kw>
<kw name="Input Text" library="SeleniumLibrary">
<doc>Types the given ``text`` into the text field identified by ``locator``.</doc>
<arguments>
<arg>${Password}</arg>
<arg>anil12345?</arg>
</arguments>
<msg timestamp="20200705 09:04:01.650" level="INFO">Typing text 'anil12345?' into text field 'xpath://input[@class='_2zrpKA _3v41xv _1dBPDZ']'.</msg>
<status status="PASS" starttime="20200705 09:04:01.649" endtime="20200705 09:04:02.071"></status>
</kw>
<kw name="Read_Element_Locator" library="UseDefinedKeywords">
<arguments>
<arg>Login.Login_Button</arg>
</arguments>
<assign>
<var>${Login_Button}</var>
</assign>
<kw name="Read Locator From JSON" library="Locators">
<arguments>
<arg>${jsonpath}</arg>
</arguments>
<assign>
<var>${result}</var>
</assign>
<msg timestamp="20200705 09:04:02.074" level="INFO">${result} = xpath://form[@autocomplete='on']/div[3]/button</msg>
<status status="PASS" starttime="20200705 09:04:02.073" endtime="20200705 09:04:02.074"></status>
</kw>
<msg timestamp="20200705 09:04:02.075" level="INFO">${Login_Button} = xpath://form[@autocomplete='on']/div[3]/button</msg>
<status status="PASS" starttime="20200705 09:04:02.072" endtime="20200705 09:04:02.075"></status>
</kw>
<kw name="Click Element" library="SeleniumLibrary">
<doc>Click the element identified by ``locator``.</doc>
<arguments>
<arg>${Login_Button}</arg>
</arguments>
<msg timestamp="20200705 09:04:02.077" level="INFO">Clicking element 'xpath://form[@autocomplete='on']/div[3]/button'.</msg>
<status status="PASS" starttime="20200705 09:04:02.076" endtime="20200705 09:04:02.232"></status>
</kw>
<kw name="Sleep" library="BuiltIn">
<doc>Pauses the test executed for the given time.</doc>
<arguments>
<arg>5 seconds</arg>
</arguments>
<msg timestamp="20200705 09:04:07.234" level="INFO">Slept 5 seconds</msg>
<status status="PASS" starttime="20200705 09:04:02.233" endtime="20200705 09:04:07.234"></status>
</kw>
<kw name="Page Should Contain" library="SeleniumLibrary">
<doc>Verifies that current page contains ``text``.</doc>
<arguments>
<arg>Your username or password is incorrect</arg>
</arguments>
<msg timestamp="20200705 09:04:07.343" level="INFO">Current page contains text 'Your username or password is incorrect'.</msg>
<status status="PASS" starttime="20200705 09:04:07.236" endtime="20200705 09:04:07.343"></status>
</kw>
<kw name="Capture Page Screenshot" library="SeleniumLibrary">
<doc>Takes a screenshot of the current page and embeds it into a log file.</doc>
<arguments>
<arg>C:/Users/arun/PycharmProjects/FlipcartRobot/Screenshots/TC_Login_003.png</arg>
</arguments>
<msg timestamp="20200705 09:04:08.311" level="INFO" html="yes">&lt;/td&gt;&lt;/tr&gt;&lt;tr&gt;&lt;td colspan="3"&gt;&lt;a href="../../Screenshots/TC_Login_003.png"&gt;&lt;img src="../../Screenshots/TC_Login_003.png" width="800px"&gt;&lt;/a&gt;</msg>
<status status="PASS" starttime="20200705 09:04:07.345" endtime="20200705 09:04:08.312"></status>
</kw>
<kw name="Close Browser" library="SeleniumLibrary">
<doc>Closes the current browser.</doc>
<status status="PASS" starttime="20200705 09:04:08.313" endtime="20200705 09:04:09.924"></status>
</kw>
<doc>"User enters valid E-mailID/Phone number, User enters invalid password, User Clicks on Login button"</doc>
<tags>
<tag>Sanity</tag>
</tags>
<status status="PASS" starttime="20200705 09:03:46.982" endtime="20200705 09:04:09.925" critical="yes"></status>
</test>
<test id="s1-t4" name="TC_Login_004">
<kw name="OpenBrowser and Maximize">
<kw name="Open Browser" library="SeleniumLibrary">
<doc>Opens a new browser instance to the optional ``url``.</doc>
<arguments>
<arg>${URL}</arg>
<arg>${Browser}</arg>
</arguments>
<msg timestamp="20200705 09:04:09.934" level="INFO">Opening browser 'Chrome' to base url 'https://www.flipkart.com/'.</msg>
<status status="PASS" starttime="20200705 09:04:09.933" endtime="20200705 09:04:17.051"></status>
</kw>
<kw name="Maximize Browser Window" library="SeleniumLibrary">
<doc>Maximizes current browser window.</doc>
<status status="PASS" starttime="20200705 09:04:17.051" endtime="20200705 09:04:17.228"></status>
</kw>
<status status="PASS" starttime="20200705 09:04:09.932" endtime="20200705 09:04:17.229"></status>
</kw>
<kw name="Read_Element_Locator" library="UseDefinedKeywords">
<arguments>
<arg>Login.Login_Button</arg>
</arguments>
<assign>
<var>${Login_Button}</var>
</assign>
<kw name="Read Locator From JSON" library="Locators">
<arguments>
<arg>${jsonpath}</arg>
</arguments>
<assign>
<var>${result}</var>
</assign>
<msg timestamp="20200705 09:04:17.234" level="INFO">${result} = xpath://form[@autocomplete='on']/div[3]/button</msg>
<status status="PASS" starttime="20200705 09:04:17.231" endtime="20200705 09:04:17.234"></status>
</kw>
<msg timestamp="20200705 09:04:17.234" level="INFO">${Login_Button} = xpath://form[@autocomplete='on']/div[3]/button</msg>
<status status="PASS" starttime="20200705 09:04:17.230" endtime="20200705 09:04:17.235"></status>
</kw>
<kw name="Click Element" library="SeleniumLibrary">
<doc>Click the element identified by ``locator``.</doc>
<arguments>
<arg>${Login_Button}</arg>
</arguments>
<msg timestamp="20200705 09:04:17.241" level="INFO">Clicking element 'xpath://form[@autocomplete='on']/div[3]/button'.</msg>
<status status="PASS" starttime="20200705 09:04:17.240" endtime="20200705 09:04:17.540"></status>
</kw>
<kw name="Sleep" library="BuiltIn">
<doc>Pauses the test executed for the given time.</doc>
<arguments>
<arg>5 seconds</arg>
</arguments>
<msg timestamp="20200705 09:04:22.541" level="INFO">Slept 5 seconds</msg>
<status status="PASS" starttime="20200705 09:04:17.541" endtime="20200705 09:04:22.542"></status>
</kw>
<kw name="Page Should Contain" library="SeleniumLibrary">
<doc>Verifies that current page contains ``text``.</doc>
<arguments>
<arg>Please enter valid Email ID/Mobile number</arg>
</arguments>
<msg timestamp="20200705 09:04:22.675" level="INFO">Current page contains text 'Please enter valid Email ID/Mobile number'.</msg>
<status status="PASS" starttime="20200705 09:04:22.550" endtime="20200705 09:04:22.675"></status>
</kw>
<kw name="Capture Page Screenshot" library="SeleniumLibrary">
<doc>Takes a screenshot of the current page and embeds it into a log file.</doc>
<arguments>
<arg>C:/Users/arun/PycharmProjects/FlipcartRobot/Screenshots/TC_Login_004.png</arg>
</arguments>
<msg timestamp="20200705 09:04:23.285" level="INFO" html="yes">&lt;/td&gt;&lt;/tr&gt;&lt;tr&gt;&lt;td colspan="3"&gt;&lt;a href="../../Screenshots/TC_Login_004.png"&gt;&lt;img src="../../Screenshots/TC_Login_004.png" width="800px"&gt;&lt;/a&gt;</msg>
<status status="PASS" starttime="20200705 09:04:22.678" endtime="20200705 09:04:23.285"></status>
</kw>
<kw name="Close Browser" library="SeleniumLibrary">
<doc>Closes the current browser.</doc>
<status status="PASS" starttime="20200705 09:04:23.286" endtime="20200705 09:04:25.898"></status>
</kw>
<doc>"User directly Clicks on Login button"</doc>
<tags>
<tag>Regression</tag>
</tags>
<status status="PASS" starttime="20200705 09:04:09.929" endtime="20200705 09:04:25.900" critical="yes"></status>
</test>
<test id="s1-t5" name="TC_Login_005">
<kw name="OpenBrowser and Maximize">
<kw name="Open Browser" library="SeleniumLibrary">
<doc>Opens a new browser instance to the optional ``url``.</doc>
<arguments>
<arg>${URL}</arg>
<arg>${Browser}</arg>
</arguments>
<msg timestamp="20200705 09:04:25.912" level="INFO">Opening browser 'Chrome' to base url 'https://www.flipkart.com/'.</msg>
<status status="PASS" starttime="20200705 09:04:25.911" endtime="20200705 09:04:35.047"></status>
</kw>
<kw name="Maximize Browser Window" library="SeleniumLibrary">
<doc>Maximizes current browser window.</doc>
<status status="PASS" starttime="20200705 09:04:35.048" endtime="20200705 09:04:36.141"></status>
</kw>
<status status="PASS" starttime="20200705 09:04:25.909" endtime="20200705 09:04:36.142"></status>
</kw>
<kw name="Read_Element_Locator" library="UseDefinedKeywords">
<arguments>
<arg>Login.SignUp.Click_Create_An_Account_Element</arg>
</arguments>
<assign>
<var>${Create_An_Account}</var>
</assign>
<kw name="Read Locator From JSON" library="Locators">
<arguments>
<arg>${jsonpath}</arg>
</arguments>
<assign>
<var>${result}</var>
</assign>
<msg timestamp="20200705 09:04:36.149" level="INFO">${result} = xpath://a[text()='New to Flipkart? Create an account']</msg>
<status status="PASS" starttime="20200705 09:04:36.146" endtime="20200705 09:04:36.149"></status>
</kw>
<msg timestamp="20200705 09:04:36.150" level="INFO">${Create_An_Account} = xpath://a[text()='New to Flipkart? Create an account']</msg>
<status status="PASS" starttime="20200705 09:04:36.143" endtime="20200705 09:04:36.150"></status>
</kw>
<kw name="Click Element" library="SeleniumLibrary">
<doc>Click the element identified by ``locator``.</doc>
<arguments>
<arg>${Create_An_Account}</arg>
</arguments>
<msg timestamp="20200705 09:04:36.153" level="INFO">Clicking element 'xpath://a[text()='New to Flipkart? Create an account']'.</msg>
<status status="PASS" starttime="20200705 09:04:36.151" endtime="20200705 09:04:36.751"></status>
</kw>
<kw name="Sleep" library="BuiltIn">
<doc>Pauses the test executed for the given time.</doc>
<arguments>
<arg>5 seconds</arg>
</arguments>
<msg timestamp="20200705 09:04:41.752" level="INFO">Slept 5 seconds</msg>
<status status="PASS" starttime="20200705 09:04:36.752" endtime="20200705 09:04:41.752"></status>
</kw>
<kw name="Page Should Contain Textfield" library="SeleniumLibrary">
<doc>Verifies text field ``locator`` is found from current page.</doc>
<arguments>
<arg>xpath://input[@class='_2zrpKA _1dBPDZ']</arg>
</arguments>
<msg timestamp="20200705 09:04:42.091" level="INFO">Current page contains text field 'xpath://input[@class='_2zrpKA _1dBPDZ']'.</msg>
<status status="PASS" starttime="20200705 09:04:41.753" endtime="20200705 09:04:42.092"></status>
</kw>
<kw name="Capture Page Screenshot" library="SeleniumLibrary">
<doc>Takes a screenshot of the current page and embeds it into a log file.</doc>
<arguments>
<arg>C:/Users/arun/PycharmProjects/FlipcartRobot/Screenshots/TC_Login_005.png</arg>
</arguments>
<msg timestamp="20200705 09:04:42.587" level="INFO" html="yes">&lt;/td&gt;&lt;/tr&gt;&lt;tr&gt;&lt;td colspan="3"&gt;&lt;a href="../../Screenshots/TC_Login_005.png"&gt;&lt;img src="../../Screenshots/TC_Login_005.png" width="800px"&gt;&lt;/a&gt;</msg>
<status status="PASS" starttime="20200705 09:04:42.093" endtime="20200705 09:04:42.587"></status>
</kw>
<kw name="Close Browser" library="SeleniumLibrary">
<doc>Closes the current browser.</doc>
<status status="PASS" starttime="20200705 09:04:42.588" endtime="20200705 09:04:43.900"></status>
</kw>
<doc>"User clicks on New to flipcart?/Create an account link"</doc>
<tags>
<tag>Smoke</tag>
</tags>
<status status="PASS" starttime="20200705 09:04:25.905" endtime="20200705 09:04:43.901" critical="yes"></status>
</test>
<test id="s1-t6" name="TC_Login_006">
<kw name="OpenBrowser and Maximize">
<kw name="Open Browser" library="SeleniumLibrary">
<doc>Opens a new browser instance to the optional ``url``.</doc>
<arguments>
<arg>${URL}</arg>
<arg>${Browser}</arg>
</arguments>
<msg timestamp="20200705 09:04:43.906" level="INFO">Opening browser 'Chrome' to base url 'https://www.flipkart.com/'.</msg>
<status status="PASS" starttime="20200705 09:04:43.906" endtime="20200705 09:04:50.564"></status>
</kw>
<kw name="Maximize Browser Window" library="SeleniumLibrary">
<doc>Maximizes current browser window.</doc>
<status status="PASS" starttime="20200705 09:04:50.565" endtime="20200705 09:04:50.823"></status>
</kw>
<status status="PASS" starttime="20200705 09:04:43.905" endtime="20200705 09:04:50.823"></status>
</kw>
<kw name="Read_Element_Locator" library="UseDefinedKeywords">
<arguments>
<arg>Login.UserName_Text_BOX</arg>
</arguments>
<assign>
<var>${UserName}</var>
</assign>
<kw name="Read Locator From JSON" library="Locators">
<arguments>
<arg>${jsonpath}</arg>
</arguments>
<assign>
<var>${result}</var>
</assign>
<msg timestamp="20200705 09:04:50.826" level="INFO">${result} = xpath://input[@class='_2zrpKA _1dBPDZ']</msg>
<status status="PASS" starttime="20200705 09:04:50.825" endtime="20200705 09:04:50.826"></status>
</kw>
<msg timestamp="20200705 09:04:50.827" level="INFO">${UserName} = xpath://input[@class='_2zrpKA _1dBPDZ']</msg>
<status status="PASS" starttime="20200705 09:04:50.824" endtime="20200705 09:04:50.827"></status>
</kw>
<kw name="Input Text" library="SeleniumLibrary">
<doc>Types the given ``text`` into the text field identified by ``locator``.</doc>
<arguments>
<arg>${UserName}</arg>
<arg>9560471003</arg>
</arguments>
<msg timestamp="20200705 09:04:50.828" level="INFO">Typing text '9560471003' into text field 'xpath://input[@class='_2zrpKA _1dBPDZ']'.</msg>
<status status="PASS" starttime="20200705 09:04:50.828" endtime="20200705 09:04:51.149"></status>
</kw>
<kw name="Sleep" library="BuiltIn">
<doc>Pauses the test executed for the given time.</doc>
<arguments>
<arg>5 seconds</arg>
</arguments>
<msg timestamp="20200705 09:04:56.151" level="INFO">Slept 5 seconds</msg>
<status status="PASS" starttime="20200705 09:04:51.150" endtime="20200705 09:04:56.151"></status>
</kw>
<kw name="Read_Element_Locator" library="UseDefinedKeywords">
<arguments>
<arg>Login.Password_Text_BOX</arg>
</arguments>
<assign>
<var>${Password}</var>
</assign>
<kw name="Read Locator From JSON" library="Locators">
<arguments>
<arg>${jsonpath}</arg>
</arguments>
<assign>
<var>${result}</var>
</assign>
<msg timestamp="20200705 09:04:56.184" level="INFO">${result} = xpath://input[@class='_2zrpKA _3v41xv _1dBPDZ']</msg>
<status status="PASS" starttime="20200705 09:04:56.182" endtime="20200705 09:04:56.184"></status>
</kw>
<msg timestamp="20200705 09:04:56.186" level="INFO">${Password} = xpath://input[@class='_2zrpKA _3v41xv _1dBPDZ']</msg>
<status status="PASS" starttime="20200705 09:04:56.162" endtime="20200705 09:04:56.186"></status>
</kw>
<kw name="Input Text" library="SeleniumLibrary">
<doc>Types the given ``text`` into the text field identified by ``locator``.</doc>
<arguments>
<arg>${Password}</arg>
<arg>vampire@100</arg>
</arguments>
<msg timestamp="20200705 09:04:56.228" level="INFO">Typing text 'vampire@100' into text field 'xpath://input[@class='_2zrpKA _3v41xv _1dBPDZ']'.</msg>
<status status="PASS" starttime="20200705 09:04:56.227" endtime="20200705 09:04:57.353"></status>
</kw>
<kw name="Read_Element_Locator" library="UseDefinedKeywords">
<arguments>
<arg>Login.Request_OTP_Button</arg>
</arguments>
<assign>
<var>${RequestOTPButton}</var>
</assign>
<kw name="Read Locator From JSON" library="Locators">
<arguments>
<arg>${jsonpath}</arg>
</arguments>
<assign>
<var>${result}</var>
</assign>
<msg timestamp="20200705 09:04:57.358" level="INFO">${result} = xpath://button[text()='Request OTP']</msg>
<status status="PASS" starttime="20200705 09:04:57.356" endtime="20200705 09:04:57.358"></status>
</kw>
<msg timestamp="20200705 09:04:57.358" level="INFO">${RequestOTPButton} = xpath://button[text()='Request OTP']</msg>
<status status="PASS" starttime="20200705 09:04:57.354" endtime="20200705 09:04:57.359"></status>
</kw>
<kw name="Click Element" library="SeleniumLibrary">
<doc>Click the element identified by ``locator``.</doc>
<arguments>
<arg>${RequestOTPButton}</arg>
</arguments>
<msg timestamp="20200705 09:04:57.361" level="INFO">Clicking element 'xpath://button[text()='Request OTP']'.</msg>
<status status="PASS" starttime="20200705 09:04:57.360" endtime="20200705 09:04:57.556"></status>
</kw>
<kw name="Sleep" library="BuiltIn">
<doc>Pauses the test executed for the given time.</doc>
<arguments>
<arg>5 seconds</arg>
</arguments>
<msg timestamp="20200705 09:05:02.558" level="INFO">Slept 5 seconds</msg>
<status status="PASS" starttime="20200705 09:04:57.557" endtime="20200705 09:05:02.558"></status>
</kw>
<kw name="Page Should Contain Button" library="SeleniumLibrary">
<doc>Verifies button ``locator`` is found from current page.</doc>
<arguments>
<arg>Verify</arg>
</arguments>
<msg timestamp="20200705 09:05:02.906" level="INFO">Current page contains button 'Verify'.</msg>
<status status="PASS" starttime="20200705 09:05:02.561" endtime="20200705 09:05:02.908"></status>
</kw>
<kw name="Capture Page Screenshot" library="SeleniumLibrary">
<doc>Takes a screenshot of the current page and embeds it into a log file.</doc>
<arguments>
<arg>C:/Users/arun/PycharmProjects/FlipcartRobot/Screenshots/TC_Login_006.png</arg>
</arguments>
<msg timestamp="20200705 09:05:03.806" level="INFO" html="yes">&lt;/td&gt;&lt;/tr&gt;&lt;tr&gt;&lt;td colspan="3"&gt;&lt;a href="../../Screenshots/TC_Login_006.png"&gt;&lt;img src="../../Screenshots/TC_Login_006.png" width="800px"&gt;&lt;/a&gt;</msg>
<status status="PASS" starttime="20200705 09:05:02.917" endtime="20200705 09:05:03.806"></status>
</kw>
<kw name="Close All Browsers" library="SeleniumLibrary">
<doc>Closes all open browsers and resets the browser cache.</doc>
<status status="PASS" starttime="20200705 09:05:03.807" endtime="20200705 09:05:06.572"></status>
</kw>
<doc>"User enters valid E-mail Id/Phone number and click on Request OTP link"</doc>
<tags>
<tag>Sanity</tag>
</tags>
<status status="PASS" starttime="20200705 09:04:43.903" endtime="20200705 09:05:06.573" critical="yes"></status>
</test>
<test id="s1-t7" name="TC_Login_007">
<kw name="OpenBrowser and Maximize">
<kw name="Open Browser" library="SeleniumLibrary">
<doc>Opens a new browser instance to the optional ``url``.</doc>
<arguments>
<arg>${URL}</arg>
<arg>${Browser}</arg>
</arguments>
<msg timestamp="20200705 09:05:06.583" level="INFO">Opening browser 'Chrome' to base url 'https://www.flipkart.com/'.</msg>
<status status="PASS" starttime="20200705 09:05:06.582" endtime="20200705 09:05:17.061"></status>
</kw>
<kw name="Maximize Browser Window" library="SeleniumLibrary">
<doc>Maximizes current browser window.</doc>
<status status="PASS" starttime="20200705 09:05:17.061" endtime="20200705 09:05:17.625"></status>
</kw>
<status status="PASS" starttime="20200705 09:05:06.581" endtime="20200705 09:05:17.626"></status>
</kw>
<kw name="Read_Element_Locator" library="UseDefinedKeywords">
<arguments>
<arg>Login.UserName_Text_BOX</arg>
</arguments>
<assign>
<var>${UserName}</var>
</assign>
<kw name="Read Locator From JSON" library="Locators">
<arguments>
<arg>${jsonpath}</arg>
</arguments>
<assign>
<var>${result}</var>
</assign>
<msg timestamp="20200705 09:05:17.632" level="INFO">${result} = xpath://input[@class='_2zrpKA _1dBPDZ']</msg>
<status status="PASS" starttime="20200705 09:05:17.630" endtime="20200705 09:05:17.632"></status>
</kw>
<msg timestamp="20200705 09:05:17.633" level="INFO">${UserName} = xpath://input[@class='_2zrpKA _1dBPDZ']</msg>
<status status="PASS" starttime="20200705 09:05:17.629" endtime="20200705 09:05:17.633"></status>
</kw>
<kw name="Input Text" library="SeleniumLibrary">
<doc>Types the given ``text`` into the text field identified by ``locator``.</doc>
<arguments>
<arg>${UserName}</arg>
<arg>9560471003</arg>
</arguments>
<msg timestamp="20200705 09:05:17.638" level="INFO">Typing text '9560471003' into text field 'xpath://input[@class='_2zrpKA _1dBPDZ']'.</msg>
<status status="PASS" starttime="20200705 09:05:17.637" endtime="20200705 09:05:18.039"></status>
</kw>
<kw name="Sleep" library="BuiltIn">
<doc>Pauses the test executed for the given time.</doc>
<arguments>
<arg>5 seconds</arg>
</arguments>
<msg timestamp="20200705 09:05:23.040" level="INFO">Slept 5 seconds</msg>
<status status="PASS" starttime="20200705 09:05:18.040" endtime="20200705 09:05:23.040"></status>
</kw>
<kw name="Read_Element_Locator" library="UseDefinedKeywords">
<arguments>
<arg>Login.Password_Text_BOX</arg>
</arguments>
<assign>
<var>${Password}</var>
</assign>
<kw name="Read Locator From JSON" library="Locators">
<arguments>
<arg>${jsonpath}</arg>
</arguments>
<assign>
<var>${result}</var>
</assign>
<msg timestamp="20200705 09:05:23.051" level="INFO">${result} = xpath://input[@class='_2zrpKA _3v41xv _1dBPDZ']</msg>
<status status="PASS" starttime="20200705 09:05:23.047" endtime="20200705 09:05:23.051"></status>
</kw>
<msg timestamp="20200705 09:05:23.051" level="INFO">${Password} = xpath://input[@class='_2zrpKA _3v41xv _1dBPDZ']</msg>
<status status="PASS" starttime="20200705 09:05:23.045" endtime="20200705 09:05:23.052"></status>
</kw>
<kw name="Input Text" library="SeleniumLibrary">
<doc>Types the given ``text`` into the text field identified by ``locator``.</doc>
<arguments>
<arg>${Password}</arg>
<arg>vampire@100</arg>
</arguments>
<msg timestamp="20200705 09:05:23.053" level="INFO">Typing text 'vampire@100' into text field 'xpath://input[@class='_2zrpKA _3v41xv _1dBPDZ']'.</msg>
<status status="PASS" starttime="20200705 09:05:23.053" endtime="20200705 09:05:23.623"></status>
</kw>
<kw name="Read_Element_Locator" library="UseDefinedKeywords">
<arguments>
<arg>Login.Forgot_Link</arg>
</arguments>
<assign>
<var>${ForgotLink}</var>
</assign>
<kw name="Read Locator From JSON" library="Locators">
<arguments>
<arg>${jsonpath}</arg>
</arguments>
<assign>
<var>${result}</var>
</assign>
<msg timestamp="20200705 09:05:23.629" level="INFO">${result} = xpath://span[text()='Forgot?']</msg>
<status status="PASS" starttime="20200705 09:05:23.625" endtime="20200705 09:05:23.629"></status>
</kw>
<msg timestamp="20200705 09:05:23.630" level="INFO">${ForgotLink} = xpath://span[text()='Forgot?']</msg>
<status status="PASS" starttime="20200705 09:05:23.624" endtime="20200705 09:05:23.630"></status>
</kw>
<kw name="Click Element" library="SeleniumLibrary">
<doc>Click the element identified by ``locator``.</doc>
<arguments>
<arg>${ForgotLink}</arg>
</arguments>
<msg timestamp="20200705 09:05:23.632" level="INFO">Clicking element 'xpath://span[text()='Forgot?']'.</msg>
<status status="PASS" starttime="20200705 09:05:23.631" endtime="20200705 09:05:23.808"></status>
</kw>
<kw name="Sleep" library="BuiltIn">
<doc>Pauses the test executed for the given time.</doc>
<arguments>
<arg>5 seconds</arg>
</arguments>
<msg timestamp="20200705 09:05:28.810" level="INFO">Slept 5 seconds</msg>
<status status="PASS" starttime="20200705 09:05:23.809" endtime="20200705 09:05:28.811"></status>
</kw>
<kw name="Page Should Contain Button" library="SeleniumLibrary">
<doc>Verifies button ``locator`` is found from current page.</doc>
<arguments>
<arg>Login</arg>
</arguments>
<msg timestamp="20200705 09:05:29.040" level="INFO">Current page contains button 'Login'.</msg>
<status status="PASS" starttime="20200705 09:05:28.812" endtime="20200705 09:05:29.041"></status>
</kw>
<kw name="Capture Page Screenshot" library="SeleniumLibrary">
<doc>Takes a screenshot of the current page and embeds it into a log file.</doc>
<arguments>
<arg>C:/Users/arun/PycharmProjects/FlipcartRobot/Screenshots/TC_Login_007.png</arg>
</arguments>
<msg timestamp="20200705 09:05:30.170" level="INFO" html="yes">&lt;/td&gt;&lt;/tr&gt;&lt;tr&gt;&lt;td colspan="3"&gt;&lt;a href="../../Screenshots/TC_Login_007.png"&gt;&lt;img src="../../Screenshots/TC_Login_007.png" width="800px"&gt;&lt;/a&gt;</msg>
<status status="PASS" starttime="20200705 09:05:29.042" endtime="20200705 09:05:30.171"></status>
</kw>
<kw name="Close All Browsers" library="SeleniumLibrary">
<doc>Closes all open browsers and resets the browser cache.</doc>
<status status="PASS" starttime="20200705 09:05:30.178" endtime="20200705 09:05:31.776"></status>
</kw>
<doc>"User enters Valid E-mailId/Phone number , User click on "Forgot?" Link"</doc>
<tags>
<tag>Regression</tag>
</tags>
<status status="PASS" starttime="20200705 09:05:06.578" endtime="20200705 09:05:31.777" critical="yes"></status>
</test>
<status status="PASS" starttime="20200705 09:02:51.550" endtime="20200705 09:05:31.788"></status>
</suite>
<statistics>
<total>
<stat pass="7" fail="0">Critical Tests</stat>
<stat pass="7" fail="0">All Tests</stat>
</total>
<tag>
<stat pass="3" fail="0">Regression</stat>
<stat pass="2" fail="0">Sanity</stat>
<stat pass="2" fail="0">Smoke</stat>
</tag>
<suite>
<stat pass="7" fail="0" id="s1" name="TC Login">TC Login</stat>
</suite>
</statistics>
<errors>
</errors>
</robot>
